<?xml version="1.0" encoding="UTF-8"?>
<!-- Generated by org.testng.reporters.JUnitReportReporter -->
<testsuite skipped="0" hostname="Sonia7" name="testcases.GmailTest" tests="1" failures="0" timestamp="2021-05-04T07:38:40 IST" time="55.012" errors="0">
  <testcase name="testcases" time="55.012" classname="testcases.GmailTest"/>
</testsuite> <!-- testcases.GmailTest -->
